<?xml version="1.0" encoding="UTF-8"?>
<!-- Generated by org.testng.reporters.JUnitReportReporter -->
<testsuite skipped="0" hostname="SMADETI-L-1388" name="test.java.com.dorman.qa.testcases.DormanSearchPageTest" tests="2" failures="0" timestamp="25 Oct 2018 12:17:49 GMT" time="1.187" errors="0">
  <testcase name="searhc" time="0.367" classname="test.java.com.dorman.qa.testcases.DormanSearchPageTest"/>
  <testcase name="verifySearchYMMPTResult" time="0.820" classname="test.java.com.dorman.qa.testcases.DormanSearchPageTest"/>
</testsuite> <!-- test.java.com.dorman.qa.testcases.DormanSearchPageTest -->
